<?xml version="1.0" encoding="UTF-8"?>
<testsuite xmlns:xsi="http://www.w3.org/2001/XMLSchema-instance" xsi:schemaLocation="https://maven.apache.org/surefire/maven-surefire-plugin/xsd/surefire-test-report.xsd" name="step_Definitions.RunnerTest" time="0.281" tests="93" errors="0" skipped="84" failures="0">
  <properties>
[...]
</properties>
  <testcase name="Given Am on the home page" classname="Scenario: " time="0">
    <skipped/>
    <system-out><![CDATA[Feature: Login test
]]></system-out>
  </testcase>
  <testcase name="Given Am on the home page" classname="Scenario: " time="0">
    <skipped/>
    <system-out><![CDATA[
  Scenario Outline: As a user I want to login with invalid credentials I should not be allowed to login. &amp#27;[90m# Login.feature:34&amp#27;[0m
    &amp#27;[36mWhen &amp#27;[0m&amp#27;[36mI entered wrong "&amp#27;[0m&amp#27;[36m&amp#27;[1mtestof173@yahoo.com&amp#27;[0m&amp#27;[36m" address in the email text field&amp#27;[0m                           &amp#27;[90m# Login.i_entered_wrong_address_in_the_email_text_field(String)&amp#27;[0m
    &amp#27;[36mAnd &amp#27;[0m&amp#27;[36mI input invalid "&amp#27;[0m&amp#27;[36m&amp#27;[1m&amp#27;[0m&amp#27;[36m" password or blank password&amp#27;[0m                                                    &amp#27;[90m# Login.i_input_invalid_password_or_blank_password(String)&amp#27;[0m
    &amp#27;[36mAnd &amp#27;[0m&amp#27;[36mI click the signIn button&amp#27;[0m                                                                        &amp#27;[90m# Login.i_click_the_signIn_button()&amp#27;[0m
    &amp#27;[36mThen &amp#27;[0m&amp#27;[36mI should see error message displayed&amp#27;[0m                                                            &amp#27;[90m# Login.i_should_see_error_message_displayed()&amp#27;[0m
    &amp#27;[33mAnd &amp#27;[0m&amp#27;[33mI log out&amp#27;[0m
Feature: Register Test
]]></system-out>
  </testcase>
  <testcase name="And I click on my account link" classname="Scenario: " time="0">
    <skipped/>
  </testcase>
  <testcase name="And I click on my account link" classname="Scenario: " time="0">
    <skipped/>
  </testcase>
  <testcase name="And I see a welcome message displayed" classname="Scenario: " time="0">
    <skipped/>
  </testcase>
  <testcase name="And I see a welcome message displayed" classname="Scenario: " time="0">
    <skipped/>
  </testcase>
  <testcase name="When I entered valid email and password in the text field" classname="Scenario: " time="0">
    <skipped/>
    <system-out><![CDATA[
  Background:                             &amp#27;[90m# Checkout.feature:3&amp#27;[0m
    &amp#27;[33mGiven &amp#27;[0m&amp#27;[33mAm on the home page&amp#27;[0m
    &amp#27;[33mAnd &amp#27;[0m&amp#27;[33mI click on my account link&amp#27;[0m
    &amp#27;[33mAnd &amp#27;[0m&amp#27;[33mI see a welcome message displayed&amp#27;[0m
]]></system-out>
  </testcase>
  <testcase name="And I select a product to add to cart" classname="Scenario: " time="0">
    <skipped/>
  </testcase>
  <testcase name="And I proceed to checkout for cash on delivery" classname="Scenario: " time="0">
    <skipped/>
  </testcase>
  <testcase name="Then I should see confirm order" classname="Scenario: " time="0">
    <skipped/>
  </testcase>
  <testcase name="And I logoff my account" classname="Scenario: " time="0">
    <skipped/>
  </testcase>
  <testcase name="Scenario: " classname="Scenario: " time="0">
    <skipped/>
  </testcase>
  <testcase name="Scenario: " classname="Scenario: " time="0.097"/>
  <testcase name="Scenario: " classname="Scenario: " time="0">
    <skipped/>
  </testcase>
  <testcase name="Scenario: " classname="Scenario: " time="0.006"/>
  <testcase name="Given Am on the home page" classname="| testof682@yahoo.com | Password27 |" time="0">
    <skipped/>
    <system-out><![CDATA[
  Scenario:                                                   &amp#27;[90m# Checkout.feature:8&amp#27;[0m
    &amp#27;[36mWhen &amp#27;[0m&amp#27;[36mI entered valid email and password in the text field&amp#27;[0m &amp#27;[90m# Checkout.i_entered_valid_email_and_password_in_the_text_field()&amp#27;[0m
    &amp#27;[36mAnd &amp#27;[0m&amp#27;[36mI select a product to add to cart&amp#27;[0m                     &amp#27;[90m# Checkout.i_select_a_product_to_add_to_cart()&amp#27;[0m
    &amp#27;[36mAnd &amp#27;[0m&amp#27;[36mI proceed to checkout for cash on delivery&amp#27;[0m            &amp#27;[90m# Checkout.i_proceed_to_checkout_for_cash_on_delivery()&amp#27;[0m
    &amp#27;[36mThen &amp#27;[0m&amp#27;[36mI should see confirm order&amp#27;[0m                           &amp#27;[90m# Checkout.i_should_see_confirm_order()&amp#27;[0m
    &amp#27;[33mAnd &amp#27;[0m&amp#27;[33mI logoff my account&amp#27;[0m
Feature: Login test

  Scenario Outline: As a user I want to be able to login using diferent username and password &amp#27;[90m# Login.feature:8&amp#27;[0m
    &amp#27;[36mAnd &amp#27;[0m&amp#27;[36mI entered valid "<email>" email in the text field&amp#27;[0m
    &amp#27;[36mAnd &amp#27;[0m&amp#27;[36mI entered correct "<passwd>" password field&amp#27;[0m
    &amp#27;[36mAnd &amp#27;[0m&amp#27;[36mI click on the signin button&amp#27;[0m
    &amp#27;[36mThen &amp#27;[0m&amp#27;[36mI verify that I am logged in&amp#27;[0m
    &amp#27;[36mAnd &amp#27;[0m&amp#27;[36mI log out&amp#27;[0m
    &amp#27;[36mAnd &amp#27;[0m&amp#27;[36mI close the browser&amp#27;[0m

    Examples: 
]]></system-out>
  </testcase>
  <testcase name="And I click on my account link" classname="| testof682@yahoo.com | Password27 |" time="0">
    <skipped/>
  </testcase>
  <testcase name="And I see a welcome message displayed" classname="| testof682@yahoo.com | Password27 |" time="0">
    <skipped/>
  </testcase>
  <testcase name="And I entered valid &quot;testof682@yahoo.com&quot; email in the text field" classname="| testof682@yahoo.com | Password27 |" time="0">
    <skipped/>
    <system-out><![CDATA[
  Background:                             &amp#27;[90m# Login.feature:3&amp#27;[0m
    &amp#27;[33mGiven &amp#27;[0m&amp#27;[33mAm on the home page&amp#27;[0m
    &amp#27;[33mAnd &amp#27;[0m&amp#27;[33mI click on my account link&amp#27;[0m
    &amp#27;[33mAnd &amp#27;[0m&amp#27;[33mI see a welcome message displayed&amp#27;[0m
]]></system-out>
  </testcase>
  <testcase name="And I entered correct &quot;Password27&quot; password field" classname="| testof682@yahoo.com | Password27 |" time="0">
    <skipped/>
  </testcase>
  <testcase name="And I click on the signin button" classname="| testof682@yahoo.com | Password27 |" time="0">
    <skipped/>
  </testcase>
  <testcase name="Then I verify that I am logged in" classname="| testof682@yahoo.com | Password27 |" time="0">
    <skipped/>
  </testcase>
  <testcase name="And I log out" classname="| testof682@yahoo.com | Password27 |" time="0">
    <skipped/>
  </testcase>
  <testcase name="And I close the browser" classname="| testof682@yahoo.com | Password27 |" time="0">
    <skipped/>
  </testcase>
  <testcase name="| testof682@yahoo.com | Password27 |" classname="| testof682@yahoo.com | Password27 |" time="0">
    <skipped/>
  </testcase>
  <testcase name="| testof682@yahoo.com | Password27 |" classname="| testof682@yahoo.com | Password27 |" time="0.011"/>
  <testcase name="Given Am on the home page" classname="| testof742@yahoo.com | Password325 |" time="0">
    <skipped/>
    <system-out><![CDATA[
  Scenario Outline: As a user I want to be able to login using diferent username and password &amp#27;[90m# Login.feature:18&amp#27;[0m
    &amp#27;[36mAnd &amp#27;[0m&amp#27;[36mI entered valid "&amp#27;[0m&amp#27;[36m&amp#27;[1mtestof682@yahoo.com&amp#27;[0m&amp#27;[36m" email in the text field&amp#27;[0m                         &amp#27;[90m# Login.i_entered_valid_email_in_the_text_field(String)&amp#27;[0m
    &amp#27;[36mAnd &amp#27;[0m&amp#27;[36mI entered correct "&amp#27;[0m&amp#27;[36m&amp#27;[1mPassword27&amp#27;[0m&amp#27;[36m" password field&amp#27;[0m                                         &amp#27;[90m# Login.i_entered_correct_password_field(String)&amp#27;[0m
    &amp#27;[36mAnd &amp#27;[0m&amp#27;[36mI click on the signin button&amp#27;[0m                                                          &amp#27;[90m# Login.i_click_on_the_signin_button()&amp#27;[0m
    &amp#27;[33mThen &amp#27;[0m&amp#27;[33mI verify that I am logged in&amp#27;[0m
    &amp#27;[33mAnd &amp#27;[0m&amp#27;[33mI log out&amp#27;[0m
    &amp#27;[36mAnd &amp#27;[0m&amp#27;[36mI close the browser&amp#27;[0m                                                                   &amp#27;[90m# Login.i_close_the_browser()&amp#27;[0m
]]></system-out>
  </testcase>
  <testcase name="And I click on my account link" classname="| testof742@yahoo.com | Password325 |" time="0">
    <skipped/>
  </testcase>
  <testcase name="And I see a welcome message displayed" classname="| testof742@yahoo.com | Password325 |" time="0">
    <skipped/>
  </testcase>
  <testcase name="And I entered valid &quot;testof742@yahoo.com&quot; email in the text field" classname="| testof742@yahoo.com | Password325 |" time="0">
    <skipped/>
    <system-out><![CDATA[
  Background:                             &amp#27;[90m# Login.feature:3&amp#27;[0m
    &amp#27;[33mGiven &amp#27;[0m&amp#27;[33mAm on the home page&amp#27;[0m
    &amp#27;[33mAnd &amp#27;[0m&amp#27;[33mI click on my account link&amp#27;[0m
    &amp#27;[33mAnd &amp#27;[0m&amp#27;[33mI see a welcome message displayed&amp#27;[0m
]]></system-out>
  </testcase>
  <testcase name="And I entered correct &quot;Password325&quot; password field" classname="| testof742@yahoo.com | Password325 |" time="0">
    <skipped/>
  </testcase>
  <testcase name="And I click on the signin button" classname="| testof742@yahoo.com | Password325 |" time="0">
    <skipped/>
  </testcase>
  <testcase name="Then I verify that I am logged in" classname="| testof742@yahoo.com | Password325 |" time="0">
    <skipped/>
  </testcase>
  <testcase name="And I log out" classname="| testof742@yahoo.com | Password325 |" time="0">
    <skipped/>
  </testcase>
  <testcase name="And I close the browser" classname="| testof742@yahoo.com | Password325 |" time="0">
    <skipped/>
  </testcase>
  <testcase name="| testof742@yahoo.com | Password325 |" classname="| testof742@yahoo.com | Password325 |" time="0">
    <skipped/>
  </testcase>
  <testcase name="| testof742@yahoo.com | Password325 |" classname="| testof742@yahoo.com | Password325 |" time="0.011"/>
  <testcase name="Given Am on the home page" classname="| testof173@yahoo.com | Password325 |" time="0">
    <skipped/>
    <system-out><![CDATA[
  Scenario Outline: As a user I want to be able to login using diferent username and password &amp#27;[90m# Login.feature:19&amp#27;[0m
    &amp#27;[36mAnd &amp#27;[0m&amp#27;[36mI entered valid "&amp#27;[0m&amp#27;[36m&amp#27;[1mtestof742@yahoo.com&amp#27;[0m&amp#27;[36m" email in the text field&amp#27;[0m                         &amp#27;[90m# Login.i_entered_valid_email_in_the_text_field(String)&amp#27;[0m
    &amp#27;[36mAnd &amp#27;[0m&amp#27;[36mI entered correct "&amp#27;[0m&amp#27;[36m&amp#27;[1mPassword325&amp#27;[0m&amp#27;[36m" password field&amp#27;[0m                                        &amp#27;[90m# Login.i_entered_correct_password_field(String)&amp#27;[0m
    &amp#27;[36mAnd &amp#27;[0m&amp#27;[36mI click on the signin button&amp#27;[0m                                                          &amp#27;[90m# Login.i_click_on_the_signin_button()&amp#27;[0m
    &amp#27;[33mThen &amp#27;[0m&amp#27;[33mI verify that I am logged in&amp#27;[0m
    &amp#27;[33mAnd &amp#27;[0m&amp#27;[33mI log out&amp#27;[0m
    &amp#27;[36mAnd &amp#27;[0m&amp#27;[36mI close the browser&amp#27;[0m                                                                   &amp#27;[90m# Login.i_close_the_browser()&amp#27;[0m
]]></system-out>
  </testcase>
  <testcase name="And I click on my account link" classname="| testof173@yahoo.com | Password325 |" time="0">
    <skipped/>
  </testcase>
  <testcase name="And I see a welcome message displayed" classname="| testof173@yahoo.com | Password325 |" time="0">
    <skipped/>
  </testcase>
  <testcase name="And I entered valid &quot;testof173@yahoo.com&quot; email in the text field" classname="| testof173@yahoo.com | Password325 |" time="0">
    <skipped/>
    <system-out><![CDATA[
  Background:                             &amp#27;[90m# Login.feature:3&amp#27;[0m
    &amp#27;[33mGiven &amp#27;[0m&amp#27;[33mAm on the home page&amp#27;[0m
    &amp#27;[33mAnd &amp#27;[0m&amp#27;[33mI click on my account link&amp#27;[0m
    &amp#27;[33mAnd &amp#27;[0m&amp#27;[33mI see a welcome message displayed&amp#27;[0m
]]></system-out>
  </testcase>
  <testcase name="And I entered correct &quot;Password325&quot; password field" classname="| testof173@yahoo.com | Password325 |" time="0">
    <skipped/>
  </testcase>
  <testcase name="And I click on the signin button" classname="| testof173@yahoo.com | Password325 |" time="0">
    <skipped/>
  </testcase>
  <testcase name="Then I verify that I am logged in" classname="| testof173@yahoo.com | Password325 |" time="0">
    <skipped/>
  </testcase>
  <testcase name="And I log out" classname="| testof173@yahoo.com | Password325 |" time="0">
    <skipped/>
  </testcase>
  <testcase name="And I close the browser" classname="| testof173@yahoo.com | Password325 |" time="0">
    <skipped/>
  </testcase>
  <testcase name="| testof173@yahoo.com | Password325 |" classname="| testof173@yahoo.com | Password325 |" time="0">
    <skipped/>
  </testcase>
  <testcase name="| testof173@yahoo.com | Password325 |" classname="| testof173@yahoo.com | Password325 |" time="0.006"/>
  <testcase name="Given Am on the home page" classname="| tesf778@hotmail.com | Password27 |" time="0">
    <skipped/>
    <system-out><![CDATA[
  Scenario Outline: As a user I want to be able to login using diferent username and password &amp#27;[90m# Login.feature:20&amp#27;[0m
    &amp#27;[36mAnd &amp#27;[0m&amp#27;[36mI entered valid "&amp#27;[0m&amp#27;[36m&amp#27;[1mtestof173@yahoo.com&amp#27;[0m&amp#27;[36m" email in the text field&amp#27;[0m                         &amp#27;[90m# Login.i_entered_valid_email_in_the_text_field(String)&amp#27;[0m
    &amp#27;[36mAnd &amp#27;[0m&amp#27;[36mI entered correct "&amp#27;[0m&amp#27;[36m&amp#27;[1mPassword325&amp#27;[0m&amp#27;[36m" password field&amp#27;[0m                                        &amp#27;[90m# Login.i_entered_correct_password_field(String)&amp#27;[0m
    &amp#27;[36mAnd &amp#27;[0m&amp#27;[36mI click on the signin button&amp#27;[0m                                                          &amp#27;[90m# Login.i_click_on_the_signin_button()&amp#27;[0m
    &amp#27;[33mThen &amp#27;[0m&amp#27;[33mI verify that I am logged in&amp#27;[0m
    &amp#27;[33mAnd &amp#27;[0m&amp#27;[33mI log out&amp#27;[0m
    &amp#27;[36mAnd &amp#27;[0m&amp#27;[36mI close the browser&amp#27;[0m                                                                   &amp#27;[90m# Login.i_close_the_browser()&amp#27;[0m

  Scenario Outline: As a user I want to login with invalid credentials I should not be allowed to login. &amp#27;[90m# Login.feature:22&amp#27;[0m
    &amp#27;[36mWhen &amp#27;[0m&amp#27;[36mI entered wrong "<email>" address in the email text field&amp#27;[0m
    &amp#27;[36mAnd &amp#27;[0m&amp#27;[36mI input invalid "<passwd>" password or blank password&amp#27;[0m
    &amp#27;[36mAnd &amp#27;[0m&amp#27;[36mI click the signIn button&amp#27;[0m
    &amp#27;[36mThen &amp#27;[0m&amp#27;[36mI should see error message displayed&amp#27;[0m
    &amp#27;[36mAnd &amp#27;[0m&amp#27;[36mI log out&amp#27;[0m

    Examples: 
]]></system-out>
  </testcase>
  <testcase name="And I click on my account link" classname="| tesf778@hotmail.com | Password27 |" time="0">
    <skipped/>
  </testcase>
  <testcase name="And I see a welcome message displayed" classname="| tesf778@hotmail.com | Password27 |" time="0">
    <skipped/>
  </testcase>
  <testcase name="When I entered wrong &quot;tesf778@hotmail.com&quot; address in the email text field" classname="| tesf778@hotmail.com | Password27 |" time="0">
    <skipped/>
    <system-out><![CDATA[
  Background:                             &amp#27;[90m# Login.feature:3&amp#27;[0m
    &amp#27;[33mGiven &amp#27;[0m&amp#27;[33mAm on the home page&amp#27;[0m
    &amp#27;[33mAnd &amp#27;[0m&amp#27;[33mI click on my account link&amp#27;[0m
    &amp#27;[33mAnd &amp#27;[0m&amp#27;[33mI see a welcome message displayed&amp#27;[0m
]]></system-out>
  </testcase>
  <testcase name="And I input invalid &quot;Password27&quot; password or blank password" classname="| tesf778@hotmail.com | Password27 |" time="0">
    <skipped/>
  </testcase>
  <testcase name="And I click the signIn button" classname="| tesf778@hotmail.com | Password27 |" time="0">
    <skipped/>
  </testcase>
  <testcase name="Then I should see error message displayed" classname="| tesf778@hotmail.com | Password27 |" time="0">
    <skipped/>
  </testcase>
  <testcase name="And I log out" classname="| tesf778@hotmail.com | Password27 |" time="0">
    <skipped/>
  </testcase>
  <testcase name="| tesf778@hotmail.com | Password27 |" classname="| tesf778@hotmail.com | Password27 |" time="0">
    <skipped/>
  </testcase>
  <testcase name="| tesf778@hotmail.com | Password27 |" classname="| tesf778@hotmail.com | Password27 |" time="0.007"/>
  <testcase name="Given Am on the home page" classname="|  | Password325 |" time="0">
    <skipped/>
    <system-out><![CDATA[
  Scenario Outline: As a user I want to login with invalid credentials I should not be allowed to login. &amp#27;[90m# Login.feature:31&amp#27;[0m
    &amp#27;[36mWhen &amp#27;[0m&amp#27;[36mI entered wrong "&amp#27;[0m&amp#27;[36m&amp#27;[1mtesf778@hotmail.com&amp#27;[0m&amp#27;[36m" address in the email text field&amp#27;[0m                           &amp#27;[90m# Login.i_entered_wrong_address_in_the_email_text_field(String)&amp#27;[0m
    &amp#27;[36mAnd &amp#27;[0m&amp#27;[36mI input invalid "&amp#27;[0m&amp#27;[36m&amp#27;[1mPassword27&amp#27;[0m&amp#27;[36m" password or blank password&amp#27;[0m                                          &amp#27;[90m# Login.i_input_invalid_password_or_blank_password(String)&amp#27;[0m
    &amp#27;[36mAnd &amp#27;[0m&amp#27;[36mI click the signIn button&amp#27;[0m                                                                        &amp#27;[90m# Login.i_click_the_signIn_button()&amp#27;[0m
    &amp#27;[36mThen &amp#27;[0m&amp#27;[36mI should see error message displayed&amp#27;[0m                                                            &amp#27;[90m# Login.i_should_see_error_message_displayed()&amp#27;[0m
    &amp#27;[33mAnd &amp#27;[0m&amp#27;[33mI log out&amp#27;[0m
]]></system-out>
  </testcase>
  <testcase name="And I click on my account link" classname="|  | Password325 |" time="0">
    <skipped/>
  </testcase>
  <testcase name="And I see a welcome message displayed" classname="|  | Password325 |" time="0">
    <skipped/>
  </testcase>
  <testcase name="When I entered wrong &quot;&quot; address in the email text field" classname="|  | Password325 |" time="0">
    <skipped/>
    <system-out><![CDATA[
  Background:                             &amp#27;[90m# Login.feature:3&amp#27;[0m
    &amp#27;[33mGiven &amp#27;[0m&amp#27;[33mAm on the home page&amp#27;[0m
    &amp#27;[33mAnd &amp#27;[0m&amp#27;[33mI click on my account link&amp#27;[0m
    &amp#27;[33mAnd &amp#27;[0m&amp#27;[33mI see a welcome message displayed&amp#27;[0m
]]></system-out>
  </testcase>
  <testcase name="And I input invalid &quot;Password325&quot; password or blank password" classname="|  | Password325 |" time="0">
    <skipped/>
  </testcase>
  <testcase name="And I click the signIn button" classname="|  | Password325 |" time="0">
    <skipped/>
  </testcase>
  <testcase name="Then I should see error message displayed" classname="|  | Password325 |" time="0">
    <skipped/>
  </testcase>
  <testcase name="And I log out" classname="|  | Password325 |" time="0">
    <skipped/>
  </testcase>
  <testcase name="|  | Password325 |" classname="|  | Password325 |" time="0">
    <skipped/>
  </testcase>
  <testcase name="|  | Password325 |" classname="|  | Password325 |" time="0.007"/>
  <testcase name="Given Am on the home page" classname="| testof682@yahoo.com | paswork325 |" time="0">
    <skipped/>
    <system-out><![CDATA[
  Scenario Outline: As a user I want to login with invalid credentials I should not be allowed to login. &amp#27;[90m# Login.feature:32&amp#27;[0m
    &amp#27;[36mWhen &amp#27;[0m&amp#27;[36mI entered wrong "&amp#27;[0m&amp#27;[36m&amp#27;[1m&amp#27;[0m&amp#27;[36m" address in the email text field&amp#27;[0m                                              &amp#27;[90m# Login.i_entered_wrong_address_in_the_email_text_field(String)&amp#27;[0m
    &amp#27;[36mAnd &amp#27;[0m&amp#27;[36mI input invalid "&amp#27;[0m&amp#27;[36m&amp#27;[1mPassword325&amp#27;[0m&amp#27;[36m" password or blank password&amp#27;[0m                                         &amp#27;[90m# Login.i_input_invalid_password_or_blank_password(String)&amp#27;[0m
    &amp#27;[36mAnd &amp#27;[0m&amp#27;[36mI click the signIn button&amp#27;[0m                                                                        &amp#27;[90m# Login.i_click_the_signIn_button()&amp#27;[0m
    &amp#27;[36mThen &amp#27;[0m&amp#27;[36mI should see error message displayed&amp#27;[0m                                                            &amp#27;[90m# Login.i_should_see_error_message_displayed()&amp#27;[0m
    &amp#27;[33mAnd &amp#27;[0m&amp#27;[33mI log out&amp#27;[0m
]]></system-out>
  </testcase>
  <testcase name="And I click on my account link" classname="| testof682@yahoo.com | paswork325 |" time="0">
    <skipped/>
  </testcase>
  <testcase name="And I see a welcome message displayed" classname="| testof682@yahoo.com | paswork325 |" time="0">
    <skipped/>
  </testcase>
  <testcase name="When I entered wrong &quot;testof682@yahoo.com&quot; address in the email text field" classname="| testof682@yahoo.com | paswork325 |" time="0">
    <skipped/>
    <system-out><![CDATA[
  Background:                             &amp#27;[90m# Login.feature:3&amp#27;[0m
    &amp#27;[33mGiven &amp#27;[0m&amp#27;[33mAm on the home page&amp#27;[0m
    &amp#27;[33mAnd &amp#27;[0m&amp#27;[33mI click on my account link&amp#27;[0m
    &amp#27;[33mAnd &amp#27;[0m&amp#27;[33mI see a welcome message displayed&amp#27;[0m
]]></system-out>
  </testcase>
  <testcase name="And I input invalid &quot;paswork325&quot; password or blank password" classname="| testof682@yahoo.com | paswork325 |" time="0">
    <skipped/>
  </testcase>
  <testcase name="And I click the signIn button" classname="| testof682@yahoo.com | paswork325 |" time="0">
    <skipped/>
  </testcase>
  <testcase name="Then I should see error message displayed" classname="| testof682@yahoo.com | paswork325 |" time="0">
    <skipped/>
  </testcase>
  <testcase name="And I log out" classname="| testof682@yahoo.com | paswork325 |" time="0">
    <skipped/>
  </testcase>
  <testcase name="| testof682@yahoo.com | paswork325 |" classname="| testof682@yahoo.com | paswork325 |" time="0">
    <skipped/>
  </testcase>
  <testcase name="| testof682@yahoo.com | paswork325 |" classname="| testof682@yahoo.com | paswork325 |" time="0.007"/>
  <testcase name="Given Am on the home page" classname="| testof173@yahoo.com |  |" time="0">
    <skipped/>
    <system-out><![CDATA[
  Scenario Outline: As a user I want to login with invalid credentials I should not be allowed to login. &amp#27;[90m# Login.feature:33&amp#27;[0m
    &amp#27;[36mWhen &amp#27;[0m&amp#27;[36mI entered wrong "&amp#27;[0m&amp#27;[36m&amp#27;[1mtestof682@yahoo.com&amp#27;[0m&amp#27;[36m" address in the email text field&amp#27;[0m                           &amp#27;[90m# Login.i_entered_wrong_address_in_the_email_text_field(String)&amp#27;[0m
    &amp#27;[36mAnd &amp#27;[0m&amp#27;[36mI input invalid "&amp#27;[0m&amp#27;[36m&amp#27;[1mpaswork325&amp#27;[0m&amp#27;[36m" password or blank password&amp#27;[0m                                          &amp#27;[90m# Login.i_input_invalid_password_or_blank_password(String)&amp#27;[0m
    &amp#27;[36mAnd &amp#27;[0m&amp#27;[36mI click the signIn button&amp#27;[0m                                                                        &amp#27;[90m# Login.i_click_the_signIn_button()&amp#27;[0m
    &amp#27;[36mThen &amp#27;[0m&amp#27;[36mI should see error message displayed&amp#27;[0m                                                            &amp#27;[90m# Login.i_should_see_error_message_displayed()&amp#27;[0m
    &amp#27;[33mAnd &amp#27;[0m&amp#27;[33mI log out&amp#27;[0m
]]></system-out>
  </testcase>
  <testcase name="And I click on my account link" classname="| testof173@yahoo.com |  |" time="0">
    <skipped/>
  </testcase>
  <testcase name="And I see a welcome message displayed" classname="| testof173@yahoo.com |  |" time="0">
    <skipped/>
  </testcase>
  <testcase name="When I entered wrong &quot;testof173@yahoo.com&quot; address in the email text field" classname="| testof173@yahoo.com |  |" time="0">
    <skipped/>
    <system-out><![CDATA[
  Background:                             &amp#27;[90m# Login.feature:3&amp#27;[0m
    &amp#27;[33mGiven &amp#27;[0m&amp#27;[33mAm on the home page&amp#27;[0m
    &amp#27;[33mAnd &amp#27;[0m&amp#27;[33mI click on my account link&amp#27;[0m
    &amp#27;[33mAnd &amp#27;[0m&amp#27;[33mI see a welcome message displayed&amp#27;[0m
]]></system-out>
  </testcase>
  <testcase name="And I input invalid &quot;&quot; password or blank password" classname="| testof173@yahoo.com |  |" time="0">
    <skipped/>
  </testcase>
  <testcase name="And I click the signIn button" classname="| testof173@yahoo.com |  |" time="0">
    <skipped/>
  </testcase>
  <testcase name="Then I should see error message displayed" classname="| testof173@yahoo.com |  |" time="0">
    <skipped/>
  </testcase>
  <testcase name="And I log out" classname="| testof173@yahoo.com |  |" time="0">
    <skipped/>
  </testcase>
  <testcase name="| testof173@yahoo.com |  |" classname="| testof173@yahoo.com |  |" time="0">
    <skipped/>
  </testcase>
  <testcase name="| testof173@yahoo.com |  |" classname="| testof173@yahoo.com |  |" time="0.023"/>
  <testcase name="When I click the continue button" classname="Scenario: " time="0">
    <skipped/>
  </testcase>
  <testcase name="And I filled the mandatory fields to register" classname="Scenario: " time="0">
    <skipped/>
  </testcase>
  <testcase name="And I click continue after filling the mandatory fieds" classname="Scenario: " time="0">
    <skipped/>
  </testcase>
  <testcase name="Then I should be logged in" classname="Scenario: " time="0">
    <skipped/>
  </testcase>
  <testcase name="And I log out" classname="Scenario: " time="0">
    <skipped/>
  </testcase>
</testsuite>